app/build/outputs/logs/manifest-merger-debug-report.txt
-- Merging decision tree log ---
manifest
ADDED from src\main\AndroidManifest.xml:2:1-46:12
	package
		ADDED from src\main\AndroidManifest.xml:3:5-29
		INJECTED from src\main\AndroidManifest.xml
		INJECTED from src\main\AndroidManifest.xml
	android:versionName
		INJECTED from src\main\AndroidManifest.xml
		INJECTED from src\main\AndroidManifest.xml
	xmlns:android
		ADDED from src\main\AndroidManifest.xml:2:11-69
	android:versionCode
		INJECTED from src\main\AndroidManifest.xml
		INJECTED from src\main\AndroidManifest.xml
uses-permission#android.permission.VIBRATE
ADDED from src\main\AndroidManifest.xml:4:5-65
	android:name
		ADDED from src\main\AndroidManifest.xml:4:22-63
uses-permission#android.permission.USE_CREDENTIALS
ADDED from src\main\AndroidManifest.xml:5:5-74
	android:name
		ADDED from src\main\AndroidManifest.xml:5:22-71
uses-permission#android.permission.INTERNET
ADDED from src\main\AndroidManifest.xml:6:5-67
	android:name
		ADDED from src\main\AndroidManifest.xml:6:22-64
uses-permission#android.permission.ACCESS_NETWORK_STATE
ADDED from src\main\AndroidManifest.xml:7:5-79
	android:name
		ADDED from src\main\AndroidManifest.xml:7:22-76
uses-permission#android.permission.WRITE_EXTERNAL_STORAGE
ADDED from src\main\AndroidManifest.xml:8:5-80
	android:name
		ADDED from src\main\AndroidManifest.xml:8:22-78
uses-permission#android.permission.READ_EXTERNAL_STORAGE
ADDED from src\main\AndroidManifest.xml:9:5-79
	android:name
		ADDED from src\main\AndroidManifest.xml:9:22-77
uses-permission#android.permission.ACCESS_WIFI_STATE
ADDED from src\main\AndroidManifest.xml:10:5-75
	android:name
		ADDED from src\main\AndroidManifest.xml:10:22-73
uses-permission#android.permission.RUN_INSTRUMENTATION
ADDED from src\main\AndroidManifest.xml:11:5-77
	android:name
		ADDED from src\main\AndroidManifest.xml:11:22-75
uses-permission#com.android.email.permission.READ_ATTACHMENT
ADDED from src\main\AndroidManifest.xml:12:5-83
	android:name
		ADDED from src\main\AndroidManifest.xml:12:22-81
uses-permission#android.permission.CAMERA
ADDED from src\main\AndroidManifest.xml:13:5-65
	android:name
		ADDED from src\main\AndroidManifest.xml:13:22-62
application
ADDED from src\main\AndroidManifest.xml:15:5-44:19
MERGED from [com.android.support:design:23.4.0] AndroidManifest.xml:22:5-20
MERGED from [com.android.support:appcompat-v7:23.4.0] AndroidManifest.xml:25:5-20
MERGED from [com.android.support:animated-vector-drawable:23.4.0] AndroidManifest.xml:7:5-20
MERGED from [com.android.support:support-vector-drawable:23.4.0] AndroidManifest.xml:7:5-20
MERGED from [com.android.support:support-v4:23.4.0] AndroidManifest.xml:22:5-20
MERGED from [:FoxitRDKUIExtensions:] AndroidManifest.xml:11:5-16:19
	android:label
		ADDED from src\main\AndroidManifest.xml:19:9-41
	android:supportsRtl
		ADDED from src\main\AndroidManifest.xml:20:9-35
	android:allowBackup
		ADDED from src\main\AndroidManifest.xml:17:9-35
	android:icon
		ADDED from src\main\AndroidManifest.xml:18:9-43
	android:largeHeap
		ADDED from src\main\AndroidManifest.xml:21:9-33
	android:theme
		ADDED from src\main\AndroidManifest.xml:22:9-40
	android:name
		ADDED from src\main\AndroidManifest.xml:16:9-49
activity#com.foxit.home.MainActivity
ADDED from src\main\AndroidManifest.xml:23:9-31:20
	android:windowSoftInputMode
		ADDED from src\main\AndroidManifest.xml:25:13-52
	android:configChanges
		ADDED from src\main\AndroidManifest.xml:24:13-74
	android:name
		ADDED from src\main\AndroidManifest.xml:23:19-47
intent-filter#android.intent.action.MAIN+android.intent.category.LAUNCHER
ADDED from src\main\AndroidManifest.xml:26:13-30:29
action#android.intent.action.MAIN
ADDED from src\main\AndroidManifest.xml:27:17-69
	android:name
		ADDED from src\main\AndroidManifest.xml:27:25-66
category#android.intent.category.LAUNCHER
ADDED from src\main\AndroidManifest.xml:29:17-77
	android:name
		ADDED from src\main\AndroidManifest.xml:29:27-74
activity#com.foxit.pdfreader.PDFReaderActivity
ADDED from src\main\AndroidManifest.xml:32:9-43:20
	android:screenOrientation
		ADDED from src\main\AndroidManifest.xml:36:13-51
	android:launchMode
		ADDED from src\main\AndroidManifest.xml:35:13-44
	android:configChanges
		ADDED from src\main\AndroidManifest.xml:34:13-81
	android:name
		ADDED from src\main\AndroidManifest.xml:33:13-65
intent-filter#android.intent.action.MAIN+android.intent.action.VIEW+android.intent.category.DEFAULT
ADDED from src\main\AndroidManifest.xml:37:13-42:29
action#android.intent.action.VIEW
ADDED from src\main\AndroidManifest.xml:38:17-76
	android:name
		ADDED from src\main\AndroidManifest.xml:38:25-66
category#android.intent.category.DEFAULT
ADDED from src\main\AndroidManifest.xml:40:17-85
	android:name
		ADDED from src\main\AndroidManifest.xml:40:27-73
data
ADDED from src\main\AndroidManifest.xml:41:17-65
	android:mimeType
		ADDED from src\main\AndroidManifest.xml:41:23-57
uses-sdk
INJECTED from src\main\AndroidManifest.xml reason: use-sdk injection requested
MERGED from [com.android.support:design:23.4.0] AndroidManifest.xml:20:5-43
MERGED from [com.android.support:recyclerview-v7:23.4.0] AndroidManifest.xml:20:5-43
MERGED from [com.android.support:appcompat-v7:23.4.0] AndroidManifest.xml:21:5-23:78
MERGED from [com.android.support:animated-vector-drawable:23.4.0] AndroidManifest.xml:5:5-44
MERGED from [com.android.support:support-vector-drawable:23.4.0] AndroidManifest.xml:5:5-43
MERGED from [com.android.support:support-v4:23.4.0] AndroidManifest.xml:20:5-43
MERGED from [:FoxitRDKUIExtensions:] AndroidManifest.xml:7:5-9:41
	tools:overrideLibrary
		ADDED from [com.android.support:appcompat-v7:23.4.0] AndroidManifest.xml:23:9-75
	android:targetSdkVersion
		INJECTED from src\main\AndroidManifest.xml
		INJECTED from src\main\AndroidManifest.xml
	android:minSdkVersion
		INJECTED from src\main\AndroidManifest.xml
		INJECTED from src\main\AndroidManifest.xml